<?xml version="1.0" encoding="UTF-8"?>
<testsuite xmlns:xsi="http://www.w3.org/2001/XMLSchema-instance" xsi:noNamespaceSchemaLocation="https://maven.apache.org/surefire/maven-surefire-plugin/xsd/surefire-test-report-3.0.xsd" version="3.0" name="br.edu.ifsul.bcc.lpoo.projetolpooe1_saimonrocha.TestePersistenciaJPA" time="3.328" tests="1" errors="0" skipped="0" failures="0">
  <properties>
    <property name="java.specification.version" value="19"/>
    <property name="sun.cpu.isalist" value="amd64"/>
    <property name="sun.jnu.encoding" value="Cp1252"/>
    <property name="java.class.path" value="C:\Users\Saimon-Rocha\Desktop\Arquivos\Documentos\Faculdade\4° Semestre\Linguagem Orientada a Objeto\Projetos\Prova\banho_tosaPT2\target\test-classes;C:\Users\Saimon-Rocha\Desktop\Arquivos\Documentos\Faculdade\4° Semestre\Linguagem Orientada a Objeto\Projetos\Prova\banho_tosaPT2\target\classes;C:\Users\Saimon-Rocha\.m2\repository\org\hibernate\javax\persistence\hibernate-jpa-2.1-api\1.0.2.Final\hibernate-jpa-2.1-api-1.0.2.Final.jar;C:\Users\Saimon-Rocha\.m2\repository\org\hibernate\hibernate-core\5.3.3.Final\hibernate-core-5.3.3.Final.jar;C:\Users\Saimon-Rocha\.m2\repository\org\jboss\logging\jboss-logging\3.3.2.Final\jboss-logging-3.3.2.Final.jar;C:\Users\Saimon-Rocha\.m2\repository\javax\persistence\javax.persistence-api\2.2\javax.persistence-api-2.2.jar;C:\Users\Saimon-Rocha\.m2\repository\org\javassist\javassist\3.23.1-GA\javassist-3.23.1-GA.jar;C:\Users\Saimon-Rocha\.m2\repository\net\bytebuddy\byte-buddy\1.8.13\byte-buddy-1.8.13.jar;C:\Users\Saimon-Rocha\.m2\repository\antlr\antlr\2.7.7\antlr-2.7.7.jar;C:\Users\Saimon-Rocha\.m2\repository\org\jboss\spec\javax\transaction\jboss-transaction-api_1.2_spec\1.1.1.Final\jboss-transaction-api_1.2_spec-1.1.1.Final.jar;C:\Users\Saimon-Rocha\.m2\repository\org\jboss\jandex\2.0.5.Final\jandex-2.0.5.Final.jar;C:\Users\Saimon-Rocha\.m2\repository\com\fasterxml\classmate\1.3.4\classmate-1.3.4.jar;C:\Users\Saimon-Rocha\.m2\repository\javax\activation\javax.activation-api\1.2.0\javax.activation-api-1.2.0.jar;C:\Users\Saimon-Rocha\.m2\repository\dom4j\dom4j\1.6.1\dom4j-1.6.1.jar;C:\Users\Saimon-Rocha\.m2\repository\org\hibernate\common\hibernate-commons-annotations\5.0.4.Final\hibernate-commons-annotations-5.0.4.Final.jar;C:\Users\Saimon-Rocha\.m2\repository\junit\junit\4.11\junit-4.11.jar;C:\Users\Saimon-Rocha\.m2\repository\org\hamcrest\hamcrest-core\1.3\hamcrest-core-1.3.jar;C:\Users\Saimon-Rocha\.m2\repository\org\postgresql\postgresql\42.2.24\postgresql-42.2.24.jar;C:\Users\Saimon-Rocha\.m2\repository\org\checkerframework\checker-qual\3.5.0\checker-qual-3.5.0.jar;C:\Users\Saimon-Rocha\.m2\repository\org\hibernate\hibernate-entitymanager\4.3.1.Final\hibernate-entitymanager-4.3.1.Final.jar;C:\Users\Saimon-Rocha\.m2\repository\org\jboss\logging\jboss-logging-annotations\1.2.0.Beta1\jboss-logging-annotations-1.2.0.Beta1.jar;C:\Users\Saimon-Rocha\.m2\repository\javax\xml\bind\jaxb-api\2.3.0\jaxb-api-2.3.0.jar;"/>
    <property name="java.vm.vendor" value="Oracle Corporation"/>
    <property name="sun.arch.data.model" value="64"/>
    <property name="user.variant" value=""/>
    <property name="java.vendor.url" value="https://java.oracle.com/"/>
    <property name="user.timezone" value="GMT-03:00"/>
    <property name="os.name" value="Windows 10"/>
    <property name="java.vm.specification.version" value="19"/>
    <property name="user.country" value="BR"/>
    <property name="sun.java.launcher" value="SUN_STANDARD"/>
    <property name="sun.boot.library.path" value="C:\Program Files\Java\jdk-19\bin"/>
    <property name="sun.java.command" value="C:\Users\Saimon-Rocha\AppData\Local\Temp\surefire5916821986579022911\surefirebooter-20240814105416145_3.jar C:\Users\Saimon-Rocha\AppData\Local\Temp\surefire5916821986579022911 2024-08-14T10-54-15_784-jvmRun1 surefire-20240814105416145_1tmp surefire_0-20240814105416145_2tmp"/>
    <property name="jdk.debug" value="release"/>
    <property name="surefire.test.class.path" value="C:\Users\Saimon-Rocha\Desktop\Arquivos\Documentos\Faculdade\4° Semestre\Linguagem Orientada a Objeto\Projetos\Prova\banho_tosaPT2\target\test-classes;C:\Users\Saimon-Rocha\Desktop\Arquivos\Documentos\Faculdade\4° Semestre\Linguagem Orientada a Objeto\Projetos\Prova\banho_tosaPT2\target\classes;C:\Users\Saimon-Rocha\.m2\repository\org\hibernate\javax\persistence\hibernate-jpa-2.1-api\1.0.2.Final\hibernate-jpa-2.1-api-1.0.2.Final.jar;C:\Users\Saimon-Rocha\.m2\repository\org\hibernate\hibernate-core\5.3.3.Final\hibernate-core-5.3.3.Final.jar;C:\Users\Saimon-Rocha\.m2\repository\org\jboss\logging\jboss-logging\3.3.2.Final\jboss-logging-3.3.2.Final.jar;C:\Users\Saimon-Rocha\.m2\repository\javax\persistence\javax.persistence-api\2.2\javax.persistence-api-2.2.jar;C:\Users\Saimon-Rocha\.m2\repository\org\javassist\javassist\3.23.1-GA\javassist-3.23.1-GA.jar;C:\Users\Saimon-Rocha\.m2\repository\net\bytebuddy\byte-buddy\1.8.13\byte-buddy-1.8.13.jar;C:\Users\Saimon-Rocha\.m2\repository\antlr\antlr\2.7.7\antlr-2.7.7.jar;C:\Users\Saimon-Rocha\.m2\repository\org\jboss\spec\javax\transaction\jboss-transaction-api_1.2_spec\1.1.1.Final\jboss-transaction-api_1.2_spec-1.1.1.Final.jar;C:\Users\Saimon-Rocha\.m2\repository\org\jboss\jandex\2.0.5.Final\jandex-2.0.5.Final.jar;C:\Users\Saimon-Rocha\.m2\repository\com\fasterxml\classmate\1.3.4\classmate-1.3.4.jar;C:\Users\Saimon-Rocha\.m2\repository\javax\activation\javax.activation-api\1.2.0\javax.activation-api-1.2.0.jar;C:\Users\Saimon-Rocha\.m2\repository\dom4j\dom4j\1.6.1\dom4j-1.6.1.jar;C:\Users\Saimon-Rocha\.m2\repository\org\hibernate\common\hibernate-commons-annotations\5.0.4.Final\hibernate-commons-annotations-5.0.4.Final.jar;C:\Users\Saimon-Rocha\.m2\repository\junit\junit\4.11\junit-4.11.jar;C:\Users\Saimon-Rocha\.m2\repository\org\hamcrest\hamcrest-core\1.3\hamcrest-core-1.3.jar;C:\Users\Saimon-Rocha\.m2\repository\org\postgresql\postgresql\42.2.24\postgresql-42.2.24.jar;C:\Users\Saimon-Rocha\.m2\repository\org\checkerframework\checker-qual\3.5.0\checker-qual-3.5.0.jar;C:\Users\Saimon-Rocha\.m2\repository\org\hibernate\hibernate-entitymanager\4.3.1.Final\hibernate-entitymanager-4.3.1.Final.jar;C:\Users\Saimon-Rocha\.m2\repository\org\jboss\logging\jboss-logging-annotations\1.2.0.Beta1\jboss-logging-annotations-1.2.0.Beta1.jar;C:\Users\Saimon-Rocha\.m2\repository\javax\xml\bind\jaxb-api\2.3.0\jaxb-api-2.3.0.jar;"/>
    <property name="sun.cpu.endian" value="little"/>
    <property name="user.home" value="C:\Users\Saimon-Rocha"/>
    <property name="user.language" value="pt"/>
    <property name="java.specification.vendor" value="Oracle Corporation"/>
    <property name="java.version.date" value="2023-01-17"/>
    <property name="java.home" value="C:\Program Files\Java\jdk-19"/>
    <property name="file.separator" value="\"/>
    <property name="basedir" value="C:\Users\Saimon-Rocha\Desktop\Arquivos\Documentos\Faculdade\4° Semestre\Linguagem Orientada a Objeto\Projetos\Prova\banho_tosaPT2"/>
    <property name="java.vm.compressedOopsMode" value="32-bit"/>
    <property name="line.separator" value="&#10;"/>
    <property name="java.vm.specification.vendor" value="Oracle Corporation"/>
    <property name="java.specification.name" value="Java Platform API Specification"/>
    <property name="surefire.real.class.path" value="C:\Users\Saimon-Rocha\AppData\Local\Temp\surefire5916821986579022911\surefirebooter-20240814105416145_3.jar"/>
    <property name="user.script" value=""/>
    <property name="sun.management.compiler" value="HotSpot 64-Bit Tiered Compilers"/>
    <property name="java.runtime.version" value="19.0.2+7-44"/>
    <property name="user.name" value="Saimon AS Rocha"/>
    <property name="stdout.encoding" value="Cp1252"/>
    <property name="path.separator" value=";"/>
    <property name="os.version" value="10.0"/>
    <property name="java.runtime.name" value="Java(TM) SE Runtime Environment"/>
    <property name="file.encoding" value="UTF-8"/>
    <property name="java.vm.name" value="Java HotSpot(TM) 64-Bit Server VM"/>
    <property name="maven.ext.class.path" value="C:\Program Files\NetBeans-18\netbeans\java\maven-nblib\netbeans-eventspy.jar"/>
    <property name="localRepository" value="C:\Users\Saimon-Rocha\.m2\repository"/>
    <property name="java.vendor.url.bug" value="https://bugreport.java.com/bugreport/"/>
    <property name="java.io.tmpdir" value="C:\Users\SAIMON~1\AppData\Local\Temp\"/>
    <property name="java.version" value="19.0.2"/>
    <property name="user.dir" value="C:\Users\Saimon-Rocha\Desktop\Arquivos\Documentos\Faculdade\4° Semestre\Linguagem Orientada a Objeto\Projetos\Prova\banho_tosaPT2"/>
    <property name="os.arch" value="amd64"/>
    <property name="java.vm.specification.name" value="Java Virtual Machine Specification"/>
    <property name="sun.os.patch.level" value=""/>
    <property name="native.encoding" value="Cp1252"/>
    <property name="java.library.path" value="C:\Program Files\Java\jdk-19\bin;C:\WINDOWS\Sun\Java\bin;C:\WINDOWS\system32;C:\WINDOWS;C:\Program Files\Common Files\Oracle\Java\javapath;C:\Program Files (x86)\Common Files\Oracle\Java\javapath;C:\WINDOWS\system32;C:\WINDOWS;C:\WINDOWS\System32\Wbem;C:\WINDOWS\System32\WindowsPowerShell\v1.0\;C:\WINDOWS\System32\OpenSSH\;C:\Program Files\Microsoft SQL Server\Client SDK\ODBC\170\Tools\Binn\;C:\Program Files\dotnet\;C:\Program Files (x86)\Intel\Intel(R) Management Engine Components\DAL;C:\Program Files\Intel\Intel(R) Management Engine Components\DAL;C:\xampp\php;C:\MinGW\bin;C:\composer;C:\Program Files\Git\cmd;C:\Program Files\nodejs\;C:\Users\Saimon-Rocha\AppData\Local\Programs\Python\Launcher\;C:\Users\Saimon-Rocha\AppData\Local\Programs\Python\Python311\Scripts\;C:\Users\Saimon-Rocha\AppData\Local\Programs\Python\Python311\;C:\Users\Saimon-Rocha\AppData\Local\Microsoft\WindowsApps;;C:\Users\DELL INSPIRION S3000\AppData\Local\Programs\Microsoft VS Code\bin;C:\Users\Saimon-Rocha\.dotnet\tools;C:\Users\DELL INSPIRION S3000\AppData\Roaming\npm;C:\Users\Saimon-Rocha\AppData\Local\Programs\Microsoft VS Code\bin;C:\Program Files\JetBrains\IntelliJ IDEA Community Edition 2024.1.4\bin;;C:\Users\Saimon-Rocha\AppData\Roaming\Composer\vendor\bin;C:\Users\Saimon-Rocha\AppData\Roaming\npm;C:\Program Files\JetBrains\IntelliJ IDEA 2024.1.4\bin;;."/>
    <property name="java.vm.info" value="mixed mode, sharing"/>
    <property name="stderr.encoding" value="Cp1252"/>
    <property name="java.vendor" value="Oracle Corporation"/>
    <property name="java.vm.version" value="19.0.2+7-44"/>
    <property name="sun.io.unicode.encoding" value="UnicodeLittle"/>
    <property name="java.class.version" value="63.0"/>
  </properties>
  <testcase name="testCadastrarPessoaEPet" classname="br.edu.ifsul.bcc.lpoo.projetolpooe1_saimonrocha.TestePersistenciaJPA" time="3.263">
    <system-out><![CDATA[Hibernate: alter table pet_servico drop constraint FK9dj5phfdqp9ckm5g9oqej1kg
Hibernate: alter table pet_servico drop constraint FKf9xajl2w4x8gdruohn82f91x9
Hibernate: alter table tb_pets drop constraint FKkrtsgjp11mh2tcoxnv0c1e5b4
Hibernate: drop table if exists pet_servico cascade
Hibernate: drop table if exists tb_pessoas cascade
Hibernate: drop table if exists tb_pets cascade
Hibernate: drop table if exists tb_servicos cascade
Hibernate: create table pet_servico (id  bigserial not null, id_pet int4, id_servico int4, primary key (id))
Hibernate: create table tb_pessoas (id_pessoa  serial not null, cpf varchar(11) not null, nome varchar(100) not null, primary key (id_pessoa))
Hibernate: create table tb_pets (idPet  serial not null, nome varchar(255), raca varchar(255), id_pessoa int4, primary key (idPet))
Hibernate: create table tb_servicos (id  serial not null, nome varchar(255), valor float8 not null, primary key (id))
Hibernate: alter table pet_servico add constraint FK9dj5phfdqp9ckm5g9oqej1kg foreign key (id_pet) references tb_pets
Hibernate: alter table pet_servico add constraint FKf9xajl2w4x8gdruohn82f91x9 foreign key (id_servico) references tb_servicos
Hibernate: alter table tb_pets add constraint FKkrtsgjp11mh2tcoxnv0c1e5b4 foreign key (id_pessoa) references tb_pessoas
Conexão estabelecida com o banco de dados via JPA...
Hibernate: insert into tb_pessoas (cpf, nome) values (?, ?)
Hibernate: select servico0_.id as id1_3_, servico0_.nome as nome2_3_, servico0_.valor as valor3_3_ from tb_servicos servico0_ where servico0_.nome=?
Hibernate: insert into tb_servicos (nome, valor) values (?, ?)
Hibernate: select servico0_.id as id1_3_, servico0_.nome as nome2_3_, servico0_.valor as valor3_3_ from tb_servicos servico0_ where servico0_.nome=?
Hibernate: insert into tb_servicos (nome, valor) values (?, ?)
Hibernate: insert into tb_pets (nome, id_pessoa, raca) values (?, ?, ?)
Hibernate: insert into pet_servico (id_pet, id_servico) values (?, ?)
Hibernate: insert into pet_servico (id_pet, id_servico) values (?, ?)
====== Ficha Pet ======
Mamae ou Papai: João da Silva
CPF: 12345678900
Filhote: Rex
Origem: Labrador
Descricao dos Servicos: [Serviço ID: 1, Nome: BANHO, Valor: R$ 80.0, Serviço ID: 2, Nome: TOSA, Valor: R$ 30.0]
Valor Total: R$ 110.0
]]></system-out>
    <system-err><![CDATA[ago. 14, 2024 10:54:16 AM org.hibernate.ejb.HibernatePersistence logDeprecation
WARN: HHH015016: Encountered a deprecated javax.persistence.spi.PersistenceProvider [org.hibernate.ejb.HibernatePersistence]; use [org.hibernate.jpa.HibernatePersistenceProvider] instead.
ago. 14, 2024 10:54:16 AM org.hibernate.ejb.HibernatePersistence logDeprecation
WARN: HHH015016: Encountered a deprecated javax.persistence.spi.PersistenceProvider [org.hibernate.ejb.HibernatePersistence]; use [org.hibernate.jpa.HibernatePersistenceProvider] instead.
ago. 14, 2024 10:54:17 AM org.hibernate.jpa.internal.util.LogHelper logPersistenceUnitInformation
INFO: HHH000204: Processing PersistenceUnitInfo [
	name: pu_pet
	...]
ago. 14, 2024 10:54:17 AM org.hibernate.Version logVersion
INFO: HHH000412: Hibernate Core {5.3.3.Final}
ago. 14, 2024 10:54:17 AM org.hibernate.cfg.Environment <clinit>
INFO: HHH000206: hibernate.properties not found
ago. 14, 2024 10:54:17 AM org.hibernate.annotations.common.reflection.java.JavaReflectionManager <clinit>
INFO: HCANN000001: Hibernate Commons Annotations {5.0.4.Final}
ago. 14, 2024 10:54:17 AM org.hibernate.engine.jdbc.connections.internal.DriverManagerConnectionProviderImpl configure
WARN: HHH10001002: Using Hibernate built-in connection pool (not for production use!)
ago. 14, 2024 10:54:17 AM org.hibernate.engine.jdbc.connections.internal.DriverManagerConnectionProviderImpl buildCreator
INFO: HHH10001005: using driver [org.postgresql.Driver] at URL [jdbc:postgresql://localhost:5432/db_pet]
ago. 14, 2024 10:54:17 AM org.hibernate.engine.jdbc.connections.internal.DriverManagerConnectionProviderImpl buildCreator
INFO: HHH10001001: Connection properties: {password=****, user=postgres}
ago. 14, 2024 10:54:17 AM org.hibernate.engine.jdbc.connections.internal.DriverManagerConnectionProviderImpl buildCreator
INFO: HHH10001003: Autocommit mode: false
ago. 14, 2024 10:54:17 AM org.hibernate.engine.jdbc.connections.internal.DriverManagerConnectionProviderImpl$PooledConnections <init>
INFO: HHH000115: Hibernate connection pool size: 20 (min=1)
ago. 14, 2024 10:54:18 AM org.hibernate.dialect.Dialect <init>
INFO: HHH000400: Using dialect: org.hibernate.dialect.PostgreSQLDialect
ago. 14, 2024 10:54:18 AM org.hibernate.engine.jdbc.env.internal.LobCreatorBuilderImpl useContextualLobCreation
INFO: HHH000424: Disabling contextual LOB creation as createClob() method threw error : java.lang.reflect.InvocationTargetException
ago. 14, 2024 10:54:18 AM org.hibernate.type.BasicTypeRegistry register
INFO: HHH000270: Type registration [java.util.UUID] overrides previous : org.hibernate.type.UUIDBinaryType@352c308
ago. 14, 2024 10:54:19 AM org.hibernate.resource.transaction.backend.jdbc.internal.DdlTransactionIsolatorNonJtaImpl getIsolatedConnection
INFO: HHH10001501: Connection obtained from JdbcConnectionAccess [org.hibernate.engine.jdbc.env.internal.JdbcEnvironmentInitiator$ConnectionProviderJdbcConnectionAccess@6dd1f638] for (non-JTA) DDL execution was not in auto-commit mode; the Connection 'local transaction' will be committed and the Connection will be set into auto-commit mode.
ago. 14, 2024 10:54:19 AM org.hibernate.resource.transaction.backend.jdbc.internal.DdlTransactionIsolatorNonJtaImpl getIsolatedConnection
INFO: HHH10001501: Connection obtained from JdbcConnectionAccess [org.hibernate.engine.jdbc.env.internal.JdbcEnvironmentInitiator$ConnectionProviderJdbcConnectionAccess@7c112f5f] for (non-JTA) DDL execution was not in auto-commit mode; the Connection 'local transaction' will be committed and the Connection will be set into auto-commit mode.
ago. 14, 2024 10:54:19 AM org.hibernate.tool.schema.internal.SchemaCreatorImpl applyImportSources
INFO: HHH000476: Executing import script 'org.hibernate.tool.schema.internal.exec.ScriptSourceInputNonExistentImpl@24386839'
ago. 14, 2024 10:54:19 AM org.hibernate.hql.internal.QueryTranslatorFactoryInitiator initiateService
INFO: HHH000397: Using ASTQueryTranslatorFactory
ago. 14, 2024 10:54:20 AM org.hibernate.engine.jdbc.connections.internal.DriverManagerConnectionProviderImpl stop
INFO: HHH10001008: Cleaning up connection pool [jdbc:postgresql://localhost:5432/db_pet]
]]></system-err>
  </testcase>
</testsuite>